<?xml version="1.0" encoding="UTF-8"?>
<coverage generated="1519727757147" clover="3.2.0">
  <project timestamp="1519727757147" name="All files">
    <metrics statements="401" coveredstatements="355" conditionals="219" coveredconditionals="138" methods="91" coveredmethods="73" elements="711" coveredelements="566" complexity="0" loc="401" ncloc="401" packages="10" files="25" classes="25">
      <package name="domains">
        <metrics statements="8" coveredstatements="8" conditionals="0" coveredconditionals="0" methods="0" coveredmethods="0"/>
        <file name="index.ts" path="/Users/adam/dev/prismake/typegql/src/domains/index.ts">
          <metrics statements="8" coveredstatements="8" conditionals="0" coveredconditionals="0" methods="0" coveredmethods="0"/>
          <line num="2" count="3" type="stmt"/>
          <line num="3" count="3" type="stmt"/>
          <line num="4" count="3" type="stmt"/>
          <line num="5" count="3" type="stmt"/>
          <line num="6" count="3" type="stmt"/>
          <line num="7" count="3" type="stmt"/>
          <line num="8" count="3" type="stmt"/>
          <line num="9" count="3" type="stmt"/>
        </file>
      </package>
      <package name="domains.arg">
        <metrics statements="85" coveredstatements="75" conditionals="48" coveredconditionals="32" methods="22" coveredmethods="17"/>
        <file name="compiler.ts" path="/Users/adam/dev/prismake/typegql/src/domains/arg/compiler.ts">
          <metrics statements="35" coveredstatements="34" conditionals="18" coveredconditionals="17" methods="8" coveredmethods="8"/>
          <line num="2" count="4" type="stmt"/>
          <line num="3" count="4" type="stmt"/>
          <line num="4" count="4" type="stmt"/>
          <line num="5" count="4" type="stmt"/>
          <line num="6" count="4" type="stmt"/>
          <line num="8" count="9" type="cond" truecount="2" falsecount="0"/>
          <line num="9" count="9" type="stmt"/>
          <line num="10" count="9" type="stmt"/>
          <line num="11" count="9" type="cond" truecount="3" falsecount="1"/>
          <line num="12" count="0" type="stmt"/>
          <line num="14" count="9" type="stmt"/>
          <line num="16" count="9" type="stmt"/>
          <line num="17" count="9" type="stmt"/>
          <line num="21" count="9" type="stmt"/>
          <line num="22" count="9" type="cond" truecount="2" falsecount="0"/>
          <line num="23" count="1" type="stmt"/>
          <line num="28" count="8" type="cond" truecount="2" falsecount="0"/>
          <line num="29" count="8" type="stmt"/>
          <line num="30" count="8" type="stmt"/>
          <line num="31" count="8" type="cond" truecount="4" falsecount="0"/>
          <line num="32" count="2" type="stmt"/>
          <line num="34" count="6" type="stmt"/>
          <line num="35" count="6" type="stmt"/>
          <line num="36" count="8" type="stmt"/>
          <line num="37" count="8" type="stmt"/>
          <line num="38" count="8" type="stmt"/>
          <line num="43" count="6" type="stmt"/>
          <line num="46" count="24" type="stmt"/>
          <line num="47" count="24" type="stmt"/>
          <line num="49" count="24" type="cond" truecount="2" falsecount="0"/>
          <line num="50" count="15" type="stmt"/>
          <line num="52" count="9" type="stmt"/>
          <line num="53" count="9" type="stmt"/>
          <line num="54" count="8" type="stmt"/>
          <line num="56" count="4" type="stmt"/>
        </file>
        <file name="error.ts" path="/Users/adam/dev/prismake/typegql/src/domains/arg/error.ts">
          <metrics statements="22" coveredstatements="20" conditionals="13" coveredconditionals="6" methods="7" coveredmethods="5"/>
          <line num="2" count="4" type="cond" truecount="3" falsecount="0"/>
          <line num="3" count="4" type="cond" truecount="1" falsecount="3"/>
          <line num="4" count="0" type="stmt"/>
          <line num="5" count="0" type="cond" truecount="0" falsecount="2"/>
          <line num="6" count="4" type="stmt"/>
          <line num="7" count="4" type="stmt"/>
          <line num="8" count="4" type="stmt"/>
          <line num="9" count="4" type="cond" truecount="1" falsecount="1"/>
          <line num="12" count="4" type="stmt"/>
          <line num="13" count="4" type="stmt"/>
          <line num="14" count="4" type="stmt"/>
          <line num="15" count="4" type="stmt"/>
          <line num="16" count="4" type="stmt"/>
          <line num="18" count="1" type="stmt"/>
          <line num="19" count="1" type="stmt"/>
          <line num="20" count="1" type="stmt"/>
          <line num="21" count="1" type="stmt"/>
          <line num="22" count="1" type="cond" truecount="1" falsecount="1"/>
          <line num="23" count="1" type="stmt"/>
          <line num="24" count="1" type="stmt"/>
          <line num="26" count="4" type="stmt"/>
          <line num="28" count="4" type="stmt"/>
        </file>
        <file name="index.ts" path="/Users/adam/dev/prismake/typegql/src/domains/arg/index.ts">
          <metrics statements="14" coveredstatements="9" conditionals="8" coveredconditionals="5" methods="3" coveredmethods="2"/>
          <line num="2" count="4" type="cond" truecount="3" falsecount="1"/>
          <line num="3" count="0" type="stmt"/>
          <line num="4" count="0" type="stmt"/>
          <line num="5" count="0" type="cond" truecount="0" falsecount="2"/>
          <line num="6" count="0" type="stmt"/>
          <line num="8" count="0" type="stmt"/>
          <line num="10" count="4" type="stmt"/>
          <line num="11" count="4" type="stmt"/>
          <line num="12" count="4" type="stmt"/>
          <line num="13" count="4" type="stmt"/>
          <line num="15" count="2" type="cond" truecount="2" falsecount="0"/>
          <line num="16" count="2" type="stmt"/>
          <line num="19" count="2" type="stmt"/>
          <line num="22" count="4" type="stmt"/>
        </file>
        <file name="registry.ts" path="/Users/adam/dev/prismake/typegql/src/domains/arg/registry.ts">
          <metrics statements="14" coveredstatements="12" conditionals="9" coveredconditionals="4" methods="4" coveredmethods="2"/>
          <line num="2" count="4" type="stmt"/>
          <line num="3" count="4" type="stmt"/>
          <line num="5" count="2" type="cond" truecount="1" falsecount="1"/>
          <line num="6" count="2" type="stmt"/>
          <line num="8" count="2" type="cond" truecount="1" falsecount="1"/>
          <line num="9" count="2" type="stmt"/>
          <line num="11" count="2" type="stmt"/>
          <line num="13" count="4" type="stmt"/>
          <line num="15" count="0" type="stmt"/>
          <line num="17" count="4" type="stmt"/>
          <line num="19" count="0" type="cond" truecount="0" falsecount="3"/>
          <line num="23" count="4" type="stmt"/>
          <line num="25" count="24" type="cond" truecount="2" falsecount="0"/>
          <line num="27" count="4" type="stmt"/>
        </file>
      </package>
      <package name="domains.field">
        <metrics statements="51" coveredstatements="43" conditionals="25" coveredconditionals="15" methods="14" coveredmethods="10"/>
        <file name="error.ts" path="/Users/adam/dev/prismake/typegql/src/domains/field/error.ts">
          <metrics statements="19" coveredstatements="17" conditionals="13" coveredconditionals="6" methods="7" coveredmethods="5"/>
          <line num="2" count="4" type="cond" truecount="3" falsecount="0"/>
          <line num="3" count="4" type="cond" truecount="1" falsecount="3"/>
          <line num="4" count="0" type="stmt"/>
          <line num="5" count="0" type="cond" truecount="0" falsecount="2"/>
          <line num="6" count="4" type="stmt"/>
          <line num="7" count="4" type="stmt"/>
          <line num="8" count="4" type="stmt"/>
          <line num="9" count="4" type="cond" truecount="1" falsecount="1"/>
          <line num="12" count="4" type="stmt"/>
          <line num="13" count="4" type="stmt"/>
          <line num="14" count="4" type="stmt"/>
          <line num="15" count="4" type="stmt"/>
          <line num="17" count="1" type="stmt"/>
          <line num="18" count="1" type="stmt"/>
          <line num="19" count="1" type="cond" truecount="1" falsecount="1"/>
          <line num="20" count="1" type="stmt"/>
          <line num="21" count="1" type="stmt"/>
          <line num="23" count="4" type="stmt"/>
          <line num="25" count="4" type="stmt"/>
        </file>
        <file name="index.ts" path="/Users/adam/dev/prismake/typegql/src/domains/field/index.ts">
          <metrics statements="20" coveredstatements="15" conditionals="6" coveredconditionals="3" methods="3" coveredmethods="2"/>
          <line num="2" count="4" type="cond" truecount="3" falsecount="1"/>
          <line num="3" count="0" type="stmt"/>
          <line num="4" count="0" type="stmt"/>
          <line num="5" count="0" type="cond" truecount="0" falsecount="2"/>
          <line num="6" count="0" type="stmt"/>
          <line num="8" count="0" type="stmt"/>
          <line num="10" count="4" type="stmt"/>
          <line num="11" count="4" type="stmt"/>
          <line num="12" count="4" type="stmt"/>
          <line num="13" count="4" type="stmt"/>
          <line num="14" count="4" type="stmt"/>
          <line num="15" count="4" type="stmt"/>
          <line num="16" count="4" type="stmt"/>
          <line num="17" count="4" type="stmt"/>
          <line num="18" count="4" type="stmt"/>
          <line num="19" count="4" type="stmt"/>
          <line num="20" count="4" type="stmt"/>
          <line num="22" count="28" type="stmt"/>
          <line num="23" count="28" type="stmt"/>
          <line num="26" count="4" type="stmt"/>
        </file>
        <file name="registry.ts" path="/Users/adam/dev/prismake/typegql/src/domains/field/registry.ts">
          <metrics statements="12" coveredstatements="11" conditionals="6" coveredconditionals="6" methods="4" coveredmethods="3"/>
          <line num="2" count="4" type="stmt"/>
          <line num="3" count="4" type="stmt"/>
          <line num="5" count="28" type="cond" truecount="2" falsecount="0"/>
          <line num="6" count="24" type="stmt"/>
          <line num="8" count="28" type="stmt"/>
          <line num="10" count="4" type="stmt"/>
          <line num="12" count="0" type="stmt"/>
          <line num="14" count="4" type="stmt"/>
          <line num="16" count="93" type="cond" truecount="2" falsecount="0"/>
          <line num="18" count="4" type="stmt"/>
          <line num="20" count="46" type="cond" truecount="2" falsecount="0"/>
          <line num="22" count="4" type="stmt"/>
        </file>
      </package>
      <package name="domains.field.compiler">
        <metrics statements="78" coveredstatements="69" conditionals="72" coveredconditionals="39" methods="22" coveredmethods="20"/>
        <file name="fieldType.ts" path="/Users/adam/dev/prismake/typegql/src/domains/field/compiler/fieldType.ts">
          <metrics statements="15" coveredstatements="14" conditionals="6" coveredconditionals="5" methods="1" coveredmethods="1"/>
          <line num="2" count="4" type="stmt"/>
          <line num="3" count="4" type="stmt"/>
          <line num="4" count="4" type="stmt"/>
          <line num="5" count="4" type="stmt"/>
          <line num="7" count="23" type="stmt"/>
          <line num="8" count="23" type="cond" truecount="2" falsecount="0"/>
          <line num="9" count="19" type="stmt"/>
          <line num="10" count="19" type="cond" truecount="1" falsecount="1"/>
          <line num="11" count="0" type="stmt"/>
          <line num="13" count="19" type="stmt"/>
          <line num="15" count="4" type="stmt"/>
          <line num="16" count="4" type="cond" truecount="2" falsecount="0"/>
          <line num="17" count="1" type="stmt"/>
          <line num="19" count="3" type="stmt"/>
          <line num="21" count="4" type="stmt"/>
        </file>
        <file name="index.ts" path="/Users/adam/dev/prismake/typegql/src/domains/field/compiler/index.ts">
          <metrics statements="16" coveredstatements="16" conditionals="0" coveredconditionals="0" methods="3" coveredmethods="3"/>
          <line num="2" count="4" type="stmt"/>
          <line num="3" count="4" type="stmt"/>
          <line num="4" count="4" type="stmt"/>
          <line num="5" count="4" type="stmt"/>
          <line num="6" count="4" type="stmt"/>
          <line num="8" count="24" type="stmt"/>
          <line num="9" count="24" type="stmt"/>
          <line num="10" count="23" type="stmt"/>
          <line num="17" count="4" type="stmt"/>
          <line num="19" count="20" type="stmt"/>
          <line num="20" count="20" type="stmt"/>
          <line num="21" count="20" type="stmt"/>
          <line num="22" count="24" type="stmt"/>
          <line num="23" count="24" type="stmt"/>
          <line num="25" count="18" type="stmt"/>
          <line num="27" count="4" type="stmt"/>
        </file>
        <file name="resolver.ts" path="/Users/adam/dev/prismake/typegql/src/domains/field/compiler/resolver.ts">
          <metrics statements="47" coveredstatements="39" conditionals="66" coveredconditionals="34" methods="18" coveredmethods="16"/>
          <line num="2" count="4" type="cond" truecount="3" falsecount="0"/>
          <line num="3" count="6" type="cond" truecount="2" falsecount="0"/>
          <line num="4" count="3" type="stmt"/>
          <line num="5" count="0" type="stmt"/>
          <line num="6" count="9" type="cond" truecount="2" falsecount="0"/>
          <line num="7" count="6" type="cond" truecount="2" falsecount="0"/>
          <line num="10" count="4" type="cond" truecount="3" falsecount="0"/>
          <line num="11" count="6" type="cond" truecount="1" falsecount="1"/>
          <line num="12" count="6" type="cond" truecount="2" falsecount="0"/>
          <line num="13" count="18" type="stmt"/>
          <line num="15" count="9" type="cond" truecount="1" falsecount="1"/>
          <line num="16" count="18" type="stmt"/>
          <line num="17" count="18" type="cond" truecount="2" falsecount="7"/>
          <line num="18" count="18" type="cond" truecount="1" falsecount="1"/>
          <line num="19" count="18" type="cond" truecount="4" falsecount="2"/>
          <line num="20" count="9" type="stmt"/>
          <line num="21" count="3" type="stmt"/>
          <line num="22" count="0" type="stmt"/>
          <line num="23" count="0" type="stmt"/>
          <line num="25" count="6" type="cond" truecount="5" falsecount="2"/>
          <line num="26" count="0" type="cond" truecount="0" falsecount="6"/>
          <line num="27" count="0" type="cond" truecount="0" falsecount="4"/>
          <line num="28" count="0" type="cond" truecount="0" falsecount="4"/>
          <line num="29" count="0" type="cond" truecount="0" falsecount="2"/>
          <line num="30" count="0" type="stmt"/>
          <line num="32" count="9" type="stmt"/>
          <line num="33" count="18" type="stmt"/>
          <line num="34" count="6" type="cond" truecount="2" falsecount="2"/>
          <line num="37" count="4" type="stmt"/>
          <line num="38" count="4" type="stmt"/>
          <line num="39" count="4" type="stmt"/>
          <line num="41" count="3" type="stmt"/>
          <line num="42" count="3" type="stmt"/>
          <line num="45" count="22" type="stmt"/>
          <line num="46" count="22" type="stmt"/>
          <line num="47" count="22" type="stmt"/>
          <line num="48" count="22" type="stmt"/>
          <line num="50" count="6" type="stmt"/>
          <line num="51" count="9" type="cond" truecount="2" falsecount="0"/>
          <line num="53" count="6" type="stmt"/>
          <line num="54" count="6" type="cond" truecount="2" falsecount="0"/>
          <line num="55" count="3" type="stmt"/>
          <line num="57" count="3" type="stmt"/>
          <line num="58" count="3" type="stmt"/>
          <line num="59" count="3" type="stmt"/>
          <line num="60" count="3" type="stmt"/>
          <line num="65" count="4" type="stmt"/>
        </file>
      </package>
      <package name="domains.type">
        <metrics statements="70" coveredstatements="63" conditionals="27" coveredconditionals="17" methods="16" coveredmethods="13"/>
        <file name="compiler.ts" path="/Users/adam/dev/prismake/typegql/src/domains/type/compiler.ts">
          <metrics statements="17" coveredstatements="17" conditionals="4" coveredconditionals="4" methods="3" coveredmethods="3"/>
          <line num="2" count="4" type="stmt"/>
          <line num="3" count="4" type="stmt"/>
          <line num="4" count="4" type="stmt"/>
          <line num="5" count="4" type="stmt"/>
          <line num="6" count="4" type="stmt"/>
          <line num="7" count="4" type="stmt"/>
          <line num="8" count="4" type="stmt"/>
          <line num="10" count="26" type="stmt"/>
          <line num="11" count="26" type="cond" truecount="2" falsecount="0"/>
          <line num="12" count="2" type="stmt"/>
          <line num="14" count="24" type="stmt"/>
          <line num="15" count="20" type="stmt"/>
          <line num="19" count="35" type="cond" truecount="2" falsecount="0"/>
          <line num="20" count="8" type="stmt"/>
          <line num="22" count="27" type="stmt"/>
          <line num="23" count="26" type="stmt"/>
          <line num="29" count="4" type="stmt"/>
        </file>
        <file name="error.ts" path="/Users/adam/dev/prismake/typegql/src/domains/type/error.ts">
          <metrics statements="19" coveredstatements="17" conditionals="13" coveredconditionals="6" methods="7" coveredmethods="5"/>
          <line num="2" count="4" type="cond" truecount="3" falsecount="0"/>
          <line num="3" count="4" type="cond" truecount="1" falsecount="3"/>
          <line num="4" count="0" type="stmt"/>
          <line num="5" count="0" type="cond" truecount="0" falsecount="2"/>
          <line num="6" count="4" type="stmt"/>
          <line num="7" count="4" type="stmt"/>
          <line num="8" count="4" type="stmt"/>
          <line num="9" count="4" type="cond" truecount="1" falsecount="1"/>
          <line num="12" count="4" type="stmt"/>
          <line num="13" count="4" type="stmt"/>
          <line num="14" count="4" type="stmt"/>
          <line num="15" count="4" type="stmt"/>
          <line num="17" count="3" type="stmt"/>
          <line num="18" count="3" type="stmt"/>
          <line num="19" count="3" type="cond" truecount="1" falsecount="1"/>
          <line num="20" count="3" type="stmt"/>
          <line num="21" count="3" type="stmt"/>
          <line num="23" count="4" type="stmt"/>
          <line num="25" count="4" type="stmt"/>
        </file>
        <file name="index.ts" path="/Users/adam/dev/prismake/typegql/src/domains/type/index.ts">
          <metrics statements="20" coveredstatements="15" conditionals="6" coveredconditionals="3" methods="3" coveredmethods="2"/>
          <line num="2" count="4" type="cond" truecount="3" falsecount="1"/>
          <line num="3" count="0" type="stmt"/>
          <line num="4" count="0" type="stmt"/>
          <line num="5" count="0" type="cond" truecount="0" falsecount="2"/>
          <line num="6" count="0" type="stmt"/>
          <line num="8" count="0" type="stmt"/>
          <line num="10" count="4" type="stmt"/>
          <line num="11" count="4" type="stmt"/>
          <line num="12" count="4" type="stmt"/>
          <line num="13" count="4" type="stmt"/>
          <line num="14" count="4" type="stmt"/>
          <line num="15" count="4" type="stmt"/>
          <line num="16" count="4" type="stmt"/>
          <line num="17" count="4" type="stmt"/>
          <line num="18" count="4" type="stmt"/>
          <line num="19" count="4" type="stmt"/>
          <line num="21" count="26" type="stmt"/>
          <line num="22" count="26" type="stmt"/>
          <line num="23" count="26" type="stmt"/>
          <line num="26" count="4" type="stmt"/>
        </file>
        <file name="registry.ts" path="/Users/adam/dev/prismake/typegql/src/domains/type/registry.ts">
          <metrics statements="14" coveredstatements="14" conditionals="4" coveredconditionals="4" methods="3" coveredmethods="3"/>
          <line num="2" count="4" type="stmt"/>
          <line num="3" count="4" type="stmt"/>
          <line num="4" count="4" type="stmt"/>
          <line num="6" count="26" type="stmt"/>
          <line num="8" count="4" type="stmt"/>
          <line num="10" count="19" type="cond" truecount="2" falsecount="0"/>
          <line num="11" count="1" type="stmt"/>
          <line num="13" count="18" type="stmt"/>
          <line num="15" count="4" type="stmt"/>
          <line num="17" count="27" type="stmt"/>
          <line num="18" count="27" type="cond" truecount="2" falsecount="0"/>
          <line num="19" count="1" type="stmt"/>
          <line num="21" count="26" type="stmt"/>
          <line num="23" count="4" type="stmt"/>
        </file>
      </package>
      <package name="services">
        <metrics statements="16" coveredstatements="14" conditionals="13" coveredconditionals="6" methods="7" coveredmethods="5"/>
        <file name="error.ts" path="/Users/adam/dev/prismake/typegql/src/services/error.ts">
          <metrics statements="16" coveredstatements="14" conditionals="13" coveredconditionals="6" methods="7" coveredmethods="5"/>
          <line num="2" count="4" type="cond" truecount="3" falsecount="0"/>
          <line num="3" count="4" type="cond" truecount="1" falsecount="3"/>
          <line num="4" count="0" type="stmt"/>
          <line num="5" count="0" type="cond" truecount="0" falsecount="2"/>
          <line num="6" count="4" type="stmt"/>
          <line num="7" count="4" type="stmt"/>
          <line num="8" count="4" type="stmt"/>
          <line num="9" count="4" type="cond" truecount="1" falsecount="1"/>
          <line num="12" count="4" type="stmt"/>
          <line num="13" count="4" type="stmt"/>
          <line num="14" count="4" type="stmt"/>
          <line num="16" count="5" type="cond" truecount="1" falsecount="1"/>
          <line num="17" count="5" type="stmt"/>
          <line num="18" count="5" type="stmt"/>
          <line num="20" count="4" type="stmt"/>
          <line num="22" count="4" type="stmt"/>
        </file>
      </package>
      <package name="services.utils">
        <metrics statements="34" coveredstatements="28" conditionals="4" coveredconditionals="3" methods="5" coveredmethods="3"/>
        <file name="cachedThunk.ts" path="/Users/adam/dev/prismake/typegql/src/services/utils/cachedThunk.ts">
          <metrics statements="7" coveredstatements="6" conditionals="2" coveredconditionals="1" methods="2" coveredmethods="2"/>
          <line num="2" count="4" type="stmt"/>
          <line num="3" count="4" type="stmt"/>
          <line num="5" count="24" type="stmt"/>
          <line num="6" count="20" type="cond" truecount="1" falsecount="1"/>
          <line num="7" count="0" type="stmt"/>
          <line num="9" count="20" type="stmt"/>
          <line num="12" count="4" type="stmt"/>
        </file>
        <file name="getParameterNames.ts" path="/Users/adam/dev/prismake/typegql/src/services/utils/getParameterNames.ts">
          <metrics statements="8" coveredstatements="8" conditionals="2" coveredconditionals="2" methods="1" coveredmethods="1"/>
          <line num="2" count="4" type="stmt"/>
          <line num="3" count="4" type="stmt"/>
          <line num="4" count="4" type="stmt"/>
          <line num="5" count="4" type="stmt"/>
          <line num="7" count="12" type="stmt"/>
          <line num="12" count="12" type="stmt"/>
          <line num="13" count="12" type="cond" truecount="2" falsecount="0"/>
          <line num="15" count="4" type="stmt"/>
        </file>
        <file name="index.ts" path="/Users/adam/dev/prismake/typegql/src/services/utils/index.ts">
          <metrics statements="12" coveredstatements="12" conditionals="0" coveredconditionals="0" methods="0" coveredmethods="0"/>
          <line num="2" count="4" type="stmt"/>
          <line num="3" count="4" type="stmt"/>
          <line num="4" count="4" type="stmt"/>
          <line num="5" count="4" type="stmt"/>
          <line num="6" count="4" type="stmt"/>
          <line num="7" count="4" type="stmt"/>
          <line num="8" count="4" type="stmt"/>
          <line num="9" count="4" type="stmt"/>
          <line num="10" count="4" type="stmt"/>
          <line num="11" count="4" type="stmt"/>
          <line num="12" count="4" type="stmt"/>
          <line num="13" count="4" type="stmt"/>
        </file>
        <file name="mapObject.ts" path="/Users/adam/dev/prismake/typegql/src/services/utils/mapObject.ts">
          <metrics statements="7" coveredstatements="2" conditionals="0" coveredconditionals="0" methods="2" coveredmethods="0"/>
          <line num="2" count="4" type="stmt"/>
          <line num="4" count="0" type="stmt"/>
          <line num="5" count="0" type="stmt"/>
          <line num="6" count="0" type="stmt"/>
          <line num="7" count="0" type="stmt"/>
          <line num="9" count="0" type="stmt"/>
          <line num="11" count="4" type="stmt"/>
        </file>
      </package>
      <package name="services.utils.gql">
        <metrics statements="6" coveredstatements="6" conditionals="0" coveredconditionals="0" methods="0" coveredmethods="0"/>
        <file name="index.ts" path="/Users/adam/dev/prismake/typegql/src/services/utils/gql/index.ts">
          <metrics statements="6" coveredstatements="6" conditionals="0" coveredconditionals="0" methods="0" coveredmethods="0"/>
          <line num="2" count="4" type="stmt"/>
          <line num="3" count="4" type="stmt"/>
          <line num="4" count="4" type="stmt"/>
          <line num="5" count="4" type="stmt"/>
          <line num="6" count="4" type="stmt"/>
          <line num="7" count="4" type="stmt"/>
        </file>
      </package>
      <package name="services.utils.gql.types">
        <metrics statements="51" coveredstatements="47" conditionals="30" coveredconditionals="26" methods="5" coveredmethods="5"/>
        <file name="index.ts" path="/Users/adam/dev/prismake/typegql/src/services/utils/gql/types/index.ts">
          <metrics statements="7" coveredstatements="7" conditionals="0" coveredconditionals="0" methods="0" coveredmethods="0"/>
          <line num="2" count="4" type="stmt"/>
          <line num="3" count="4" type="stmt"/>
          <line num="4" count="4" type="stmt"/>
          <line num="5" count="4" type="stmt"/>
          <line num="6" count="4" type="stmt"/>
          <line num="7" count="4" type="stmt"/>
          <line num="8" count="4" type="stmt"/>
        </file>
        <file name="parseNative.ts" path="/Users/adam/dev/prismake/typegql/src/services/utils/gql/types/parseNative.ts">
          <metrics statements="29" coveredstatements="25" conditionals="20" coveredconditionals="16" methods="4" coveredmethods="4"/>
          <line num="2" count="4" type="stmt"/>
          <line num="3" count="4" type="stmt"/>
          <line num="4" count="4" type="stmt"/>
          <line num="6" count="15" type="stmt"/>
          <line num="8" count="4" type="stmt"/>
          <line num="10" count="27" type="cond" truecount="2" falsecount="0"/>
          <line num="11" count="20" type="stmt"/>
          <line num="13" count="7" type="cond" truecount="2" falsecount="0"/>
          <line num="14" count="2" type="stmt"/>
          <line num="16" count="5" type="cond" truecount="2" falsecount="0"/>
          <line num="17" count="3" type="stmt"/>
          <line num="21" count="27" type="stmt"/>
          <line num="22" count="27" type="cond" truecount="2" falsecount="0"/>
          <line num="23" count="25" type="stmt"/>
          <line num="25" count="2" type="cond" truecount="3" falsecount="1"/>
          <line num="26" count="2" type="stmt"/>
          <line num="29" count="4" type="stmt"/>
          <line num="31" count="19" type="cond" truecount="1" falsecount="1"/>
          <line num="32" count="0" type="stmt"/>
          <line num="33" count="0" type="stmt"/>
          <line num="35" count="19" type="stmt"/>
          <line num="36" count="19" type="cond" truecount="2" falsecount="0"/>
          <line num="37" count="8" type="stmt"/>
          <line num="39" count="11" type="cond" truecount="2" falsecount="2"/>
          <line num="40" count="0" type="stmt"/>
          <line num="41" count="0" type="stmt"/>
          <line num="43" count="11" type="stmt"/>
          <line num="44" count="11" type="stmt"/>
          <line num="46" count="4" type="stmt"/>
        </file>
        <file name="resolve.ts" path="/Users/adam/dev/prismake/typegql/src/services/utils/gql/types/resolve.ts">
          <metrics statements="15" coveredstatements="15" conditionals="10" coveredconditionals="10" methods="1" coveredmethods="1"/>
          <line num="2" count="4" type="stmt"/>
          <line num="3" count="4" type="stmt"/>
          <line num="4" count="4" type="stmt"/>
          <line num="5" count="4" type="stmt"/>
          <line num="7" count="18" type="cond" truecount="2" falsecount="0"/>
          <line num="8" count="18" type="cond" truecount="2" falsecount="0"/>
          <line num="9" count="1" type="stmt"/>
          <line num="11" count="17" type="cond" truecount="2" falsecount="0"/>
          <line num="12" count="2" type="stmt"/>
          <line num="14" count="15" type="cond" truecount="2" falsecount="0"/>
          <line num="15" count="8" type="stmt"/>
          <line num="17" count="7" type="cond" truecount="2" falsecount="0"/>
          <line num="18" count="2" type="stmt"/>
          <line num="20" count="5" type="stmt"/>
          <line num="22" count="4" type="stmt"/>
        </file>
      </package>
      <package name="test">
        <metrics statements="2" coveredstatements="2" conditionals="0" coveredconditionals="0" methods="0" coveredmethods="0"/>
        <file name="setup.ts" path="/Users/adam/dev/prismake/typegql/src/test/setup.ts">
          <metrics statements="2" coveredstatements="2" conditionals="0" coveredconditionals="0" methods="0" coveredmethods="0"/>
          <line num="2" count="4" type="stmt"/>
          <line num="3" count="4" type="stmt"/>
        </file>
      </package>
    </metrics>
  </project>
</coverage>
