TN:
SF:/Users/adam/dev/prismake/typegql/src/domains/index.ts
FNF:0
FNH:0
DA:2,3
DA:3,3
DA:4,3
DA:5,3
DA:6,3
DA:7,3
DA:8,3
DA:9,3
LF:8
LH:8
BRF:0
BRH:0
end_of_record
TN:
SF:/Users/adam/dev/prismake/typegql/src/domains/arg/compiler.ts
FN:7,compileInferedAndRegisterdArgs
FN:9,(anonymous_1)
FN:16,(anonymous_2)
FN:20,validateArgTypes
FN:21,(anonymous_4)
FN:27,convertArgsArrayToArgsMap
FN:35,(anonymous_6)
FN:45,compileFieldArgs
FNF:8
FNH:8
FNDA:9,compileInferedAndRegisterdArgs
FNDA:9,(anonymous_1)
FNDA:9,(anonymous_2)
FNDA:9,validateArgTypes
FNDA:9,(anonymous_4)
FNDA:8,convertArgsArrayToArgsMap
FNDA:8,(anonymous_6)
FNDA:24,compileFieldArgs
DA:2,4
DA:3,4
DA:4,4
DA:5,4
DA:6,4
DA:8,9
DA:9,9
DA:10,9
DA:11,9
DA:12,0
DA:14,9
DA:16,9
DA:17,9
DA:21,9
DA:22,9
DA:23,1
DA:28,8
DA:29,8
DA:30,8
DA:31,8
DA:32,2
DA:34,6
DA:35,6
DA:36,8
DA:37,8
DA:38,8
DA:43,6
DA:46,24
DA:47,24
DA:49,24
DA:50,15
DA:52,9
DA:53,9
DA:54,8
DA:56,4
LF:35
LH:34
BRDA:8,0,0,7
BRDA:8,0,1,2
BRDA:11,1,0,0
BRDA:11,1,1,9
BRDA:11,2,0,9
BRDA:11,2,1,2
BRDA:22,3,0,1
BRDA:22,3,1,8
BRDA:28,4,0,6
BRDA:28,4,1,2
BRDA:31,5,0,2
BRDA:31,5,1,6
BRDA:31,6,0,8
BRDA:31,6,1,8
BRDA:40,7,0,8
BRDA:40,7,1,2
BRDA:49,8,0,15
BRDA:49,8,1,9
BRF:18
BRH:17
end_of_record
TN:
SF:/Users/adam/dev/prismake/typegql/src/domains/arg/error.ts
FN:2,(anonymous_0)
FN:4,(anonymous_1)
FN:5,(anonymous_2)
FN:6,(anonymous_3)
FN:8,__
FN:15,(anonymous_5)
FN:17,ArgError
FNF:7
FNH:5
FNDA:4,(anonymous_0)
FNDA:0,(anonymous_1)
FNDA:0,(anonymous_2)
FNDA:4,(anonymous_3)
FNDA:4,__
FNDA:4,(anonymous_5)
FNDA:1,ArgError
DA:2,4
DA:3,4
DA:4,0
DA:5,0
DA:6,4
DA:7,4
DA:8,4
DA:9,4
DA:12,4
DA:13,4
DA:14,4
DA:15,4
DA:16,4
DA:18,1
DA:19,1
DA:20,1
DA:21,1
DA:22,1
DA:23,1
DA:24,1
DA:26,4
DA:28,4
LF:22
LH:20
BRDA:2,0,0,4
BRDA:2,0,1,4
BRDA:2,0,2,4
BRDA:3,1,0,4
BRDA:3,1,1,0
BRDA:3,1,2,0
BRDA:3,1,3,0
BRDA:5,2,0,0
BRDA:5,2,1,0
BRDA:9,3,0,0
BRDA:9,3,1,4
BRDA:22,4,0,1
BRDA:22,4,1,0
BRF:13
BRH:6
end_of_record
TN:
SF:/Users/adam/dev/prismake/typegql/src/domains/arg/index.ts
FN:2,(anonymous_0)
FN:14,Arg
FN:16,(anonymous_2)
FNF:3
FNH:2
FNDA:0,(anonymous_0)
FNDA:2,Arg
FNDA:2,(anonymous_2)
DA:2,4
DA:3,0
DA:4,0
DA:5,0
DA:6,0
DA:8,0
DA:10,4
DA:11,4
DA:12,4
DA:13,4
DA:15,2
DA:16,2
DA:19,2
DA:22,4
LF:14
LH:9
BRDA:2,0,0,4
BRDA:2,0,1,4
BRDA:2,0,2,4
BRDA:2,0,3,0
BRDA:5,1,0,0
BRDA:5,1,1,0
BRDA:15,2,0,1
BRDA:15,2,1,1
BRF:8
BRH:5
end_of_record
TN:
SF:/Users/adam/dev/prismake/typegql/src/domains/arg/registry.ts
FN:4,registerArg
FN:14,hasArgRegistered
FN:18,getArgConfig
FN:24,getAllArgs
FNF:4
FNH:2
FNDA:2,registerArg
FNDA:0,hasArgRegistered
FNDA:0,getArgConfig
FNDA:24,getAllArgs
DA:2,4
DA:3,4
DA:5,2
DA:6,2
DA:8,2
DA:9,2
DA:11,2
DA:13,4
DA:15,0
DA:17,4
DA:19,0
DA:23,4
DA:25,24
DA:27,4
LF:14
LH:12
BRDA:5,0,0,2
BRDA:5,0,1,0
BRDA:8,1,0,2
BRDA:8,1,1,0
BRDA:19,2,0,0
BRDA:19,2,1,0
BRDA:19,2,2,0
BRDA:25,3,0,24
BRDA:25,3,1,2
BRF:9
BRH:4
end_of_record
TN:
SF:/Users/adam/dev/prismake/typegql/src/domains/field/error.ts
FN:2,(anonymous_0)
FN:4,(anonymous_1)
FN:5,(anonymous_2)
FN:6,(anonymous_3)
FN:8,__
FN:14,(anonymous_5)
FN:16,FieldError
FNF:7
FNH:5
FNDA:4,(anonymous_0)
FNDA:0,(anonymous_1)
FNDA:0,(anonymous_2)
FNDA:4,(anonymous_3)
FNDA:4,__
FNDA:4,(anonymous_5)
FNDA:1,FieldError
DA:2,4
DA:3,4
DA:4,0
DA:5,0
DA:6,4
DA:7,4
DA:8,4
DA:9,4
DA:12,4
DA:13,4
DA:14,4
DA:15,4
DA:17,1
DA:18,1
DA:19,1
DA:20,1
DA:21,1
DA:23,4
DA:25,4
LF:19
LH:17
BRDA:2,0,0,4
BRDA:2,0,1,4
BRDA:2,0,2,4
BRDA:3,1,0,4
BRDA:3,1,1,0
BRDA:3,1,2,0
BRDA:3,1,3,0
BRDA:5,2,0,0
BRDA:5,2,1,0
BRDA:9,3,0,0
BRDA:9,3,1,4
BRDA:19,4,0,1
BRDA:19,4,1,0
BRF:13
BRH:6
end_of_record
TN:
SF:/Users/adam/dev/prismake/typegql/src/domains/field/index.ts
FN:2,(anonymous_0)
FN:21,Field
FN:22,(anonymous_2)
FNF:3
FNH:2
FNDA:0,(anonymous_0)
FNDA:28,Field
FNDA:28,(anonymous_2)
DA:2,4
DA:3,0
DA:4,0
DA:5,0
DA:6,0
DA:8,0
DA:10,4
DA:11,4
DA:12,4
DA:13,4
DA:14,4
DA:15,4
DA:16,4
DA:17,4
DA:18,4
DA:19,4
DA:20,4
DA:22,28
DA:23,28
DA:26,4
LF:20
LH:15
BRDA:2,0,0,4
BRDA:2,0,1,4
BRDA:2,0,2,4
BRDA:2,0,3,0
BRDA:5,1,0,0
BRDA:5,1,1,0
BRF:6
BRH:3
end_of_record
TN:
SF:/Users/adam/dev/prismake/typegql/src/domains/field/registry.ts
FN:4,registerField
FN:11,hasFieldRegistered
FN:15,getRegisteredField
FN:19,getAllRegisteredFields
FNF:4
FNH:3
FNDA:28,registerField
FNDA:0,hasFieldRegistered
FNDA:93,getRegisteredField
FNDA:46,getAllRegisteredFields
DA:2,4
DA:3,4
DA:5,28
DA:6,24
DA:8,28
DA:10,4
DA:12,0
DA:14,4
DA:16,93
DA:18,4
DA:20,46
DA:22,4
LF:12
LH:11
BRDA:5,0,0,24
BRDA:5,0,1,4
BRDA:16,1,0,93
BRDA:16,1,1,93
BRDA:20,2,0,46
BRDA:20,2,1,44
BRF:6
BRH:6
end_of_record
TN:
SF:/Users/adam/dev/prismake/typegql/src/domains/field/compiler/fieldType.ts
FN:6,compileFieldType
FNF:1
FNH:1
FNDA:23,compileFieldType
DA:2,4
DA:3,4
DA:4,4
DA:5,4
DA:7,23
DA:8,23
DA:9,19
DA:10,19
DA:11,0
DA:13,19
DA:15,4
DA:16,4
DA:17,1
DA:19,3
DA:21,4
LF:15
LH:14
BRDA:8,0,0,19
BRDA:8,0,1,4
BRDA:10,1,0,0
BRDA:10,1,1,19
BRDA:16,2,0,1
BRDA:16,2,1,3
BRF:6
BRH:5
end_of_record
TN:
SF:/Users/adam/dev/prismake/typegql/src/domains/field/compiler/index.ts
FN:7,compileFieldConfig
FN:18,compileAllFields
FN:21,(anonymous_2)
FNF:3
FNH:3
FNDA:24,compileFieldConfig
FNDA:20,compileAllFields
FNDA:24,(anonymous_2)
DA:2,4
DA:3,4
DA:4,4
DA:5,4
DA:6,4
DA:8,24
DA:9,24
DA:10,23
DA:17,4
DA:19,20
DA:20,20
DA:21,20
DA:22,24
DA:23,24
DA:25,18
DA:27,4
LF:16
LH:16
BRF:0
BRH:0
end_of_record
TN:
SF:/Users/adam/dev/prismake/typegql/src/domains/field/compiler/resolver.ts
FN:2,(anonymous_0)
FN:3,(anonymous_1)
FN:4,fulfilled
FN:5,rejected
FN:6,step
FN:6,(anonymous_5)
FN:10,(anonymous_6)
FN:11,(anonymous_7)
FN:12,(anonymous_8)
FN:13,verb
FN:13,(anonymous_10)
FN:14,step
FN:40,mergeArgsWithFunctionParams
FN:42,(anonymous_13)
FN:44,compileFieldResolver
FN:48,(anonymous_15)
FN:48,(anonymous_16)
FN:50,(anonymous_17)
FNF:18
FNH:16
FNDA:6,(anonymous_0)
FNDA:6,(anonymous_1)
FNDA:3,fulfilled
FNDA:0,rejected
FNDA:9,step
FNDA:3,(anonymous_5)
FNDA:6,(anonymous_6)
FNDA:3,(anonymous_7)
FNDA:0,(anonymous_8)
FNDA:18,verb
FNDA:9,(anonymous_10)
FNDA:9,step
FNDA:3,mergeArgsWithFunctionParams
FNDA:3,(anonymous_13)
FNDA:22,compileFieldResolver
FNDA:6,(anonymous_15)
FNDA:6,(anonymous_16)
FNDA:9,(anonymous_17)
DA:2,4
DA:3,6
DA:4,3
DA:5,0
DA:6,9
DA:7,6
DA:10,4
DA:11,6
DA:12,6
DA:13,18
DA:15,9
DA:16,18
DA:17,18
DA:18,18
DA:19,18
DA:20,9
DA:21,3
DA:22,0
DA:23,0
DA:25,6
DA:26,0
DA:27,0
DA:28,0
DA:29,0
DA:30,0
DA:32,9
DA:33,18
DA:34,6
DA:37,4
DA:38,4
DA:39,4
DA:41,3
DA:42,3
DA:45,22
DA:46,22
DA:47,22
DA:48,22
DA:50,6
DA:51,9
DA:53,6
DA:54,6
DA:55,3
DA:57,3
DA:58,3
DA:59,3
DA:60,3
DA:65,4
LF:47
LH:39
BRDA:2,0,0,4
BRDA:2,0,1,4
BRDA:2,0,2,4
BRDA:3,1,0,6
BRDA:3,1,1,6
BRDA:6,2,0,6
BRDA:6,2,1,3
BRDA:7,3,0,6
BRDA:7,3,1,6
BRDA:10,4,0,4
BRDA:10,4,1,4
BRDA:10,4,2,4
BRDA:11,5,0,0
BRDA:11,5,1,3
BRDA:12,6,0,6
BRDA:12,6,1,6
BRDA:15,7,0,0
BRDA:15,7,1,9
BRDA:17,8,0,0
BRDA:17,8,1,18
BRDA:17,9,0,18
BRDA:17,9,1,0
BRDA:17,9,2,0
BRDA:17,10,0,0
BRDA:17,10,1,0
BRDA:17,11,0,0
BRDA:17,11,1,0
BRDA:18,12,0,0
BRDA:18,12,1,18
BRDA:19,13,0,9
BRDA:19,13,1,9
BRDA:19,13,2,3
BRDA:19,13,3,0
BRDA:19,13,4,0
BRDA:19,13,5,6
BRDA:25,14,0,6
BRDA:25,14,1,0
BRDA:25,15,0,6
BRDA:25,15,1,6
BRDA:25,15,2,6
BRDA:25,16,0,6
BRDA:25,16,1,0
BRDA:26,17,0,0
BRDA:26,17,1,0
BRDA:26,18,0,0
BRDA:26,18,1,0
BRDA:26,18,2,0
BRDA:26,18,3,0
BRDA:27,19,0,0
BRDA:27,19,1,0
BRDA:27,20,0,0
BRDA:27,20,1,0
BRDA:28,21,0,0
BRDA:28,21,1,0
BRDA:28,22,0,0
BRDA:28,22,1,0
BRDA:29,23,0,0
BRDA:29,23,1,0
BRDA:34,24,0,0
BRDA:34,24,1,6
BRDA:34,25,0,6
BRDA:34,25,1,0
BRDA:51,26,0,6
BRDA:51,26,1,3
BRDA:54,27,0,3
BRDA:54,27,1,3
BRF:66
BRH:34
end_of_record
TN:
SF:/Users/adam/dev/prismake/typegql/src/domains/type/compiler.ts
FN:9,createTypeFieldsGetter
FN:14,(anonymous_1)
FN:18,compileType
FNF:3
FNH:3
FNDA:26,createTypeFieldsGetter
FNDA:20,(anonymous_1)
FNDA:35,compileType
DA:2,4
DA:3,4
DA:4,4
DA:5,4
DA:6,4
DA:7,4
DA:8,4
DA:10,26
DA:11,26
DA:12,2
DA:14,24
DA:15,20
DA:19,35
DA:20,8
DA:22,27
DA:23,26
DA:29,4
LF:17
LH:17
BRDA:11,0,0,2
BRDA:11,0,1,24
BRDA:19,1,0,8
BRDA:19,1,1,27
BRF:4
BRH:4
end_of_record
TN:
SF:/Users/adam/dev/prismake/typegql/src/domains/type/error.ts
FN:2,(anonymous_0)
FN:4,(anonymous_1)
FN:5,(anonymous_2)
FN:6,(anonymous_3)
FN:8,__
FN:14,(anonymous_5)
FN:16,ObjectTypeError
FNF:7
FNH:5
FNDA:4,(anonymous_0)
FNDA:0,(anonymous_1)
FNDA:0,(anonymous_2)
FNDA:4,(anonymous_3)
FNDA:4,__
FNDA:4,(anonymous_5)
FNDA:3,ObjectTypeError
DA:2,4
DA:3,4
DA:4,0
DA:5,0
DA:6,4
DA:7,4
DA:8,4
DA:9,4
DA:12,4
DA:13,4
DA:14,4
DA:15,4
DA:17,3
DA:18,3
DA:19,3
DA:20,3
DA:21,3
DA:23,4
DA:25,4
LF:19
LH:17
BRDA:2,0,0,4
BRDA:2,0,1,4
BRDA:2,0,2,4
BRDA:3,1,0,4
BRDA:3,1,1,0
BRDA:3,1,2,0
BRDA:3,1,3,0
BRDA:5,2,0,0
BRDA:5,2,1,0
BRDA:9,3,0,0
BRDA:9,3,1,4
BRDA:19,4,0,3
BRDA:19,4,1,0
BRF:13
BRH:6
end_of_record
TN:
SF:/Users/adam/dev/prismake/typegql/src/domains/type/index.ts
FN:2,(anonymous_0)
FN:20,Type
FN:21,(anonymous_2)
FNF:3
FNH:2
FNDA:0,(anonymous_0)
FNDA:26,Type
FNDA:26,(anonymous_2)
DA:2,4
DA:3,0
DA:4,0
DA:5,0
DA:6,0
DA:8,0
DA:10,4
DA:11,4
DA:12,4
DA:13,4
DA:14,4
DA:15,4
DA:16,4
DA:17,4
DA:18,4
DA:19,4
DA:21,26
DA:22,26
DA:23,26
DA:26,4
LF:20
LH:15
BRDA:2,0,0,4
BRDA:2,0,1,4
BRDA:2,0,2,4
BRDA:2,0,3,0
BRDA:5,1,0,0
BRDA:5,1,1,0
BRF:6
BRH:3
end_of_record
TN:
SF:/Users/adam/dev/prismake/typegql/src/domains/type/registry.ts
FN:5,registerObjectType
FN:9,isTypeRegistered
FN:16,getObjectTypeConfig
FNF:3
FNH:3
FNDA:26,registerObjectType
FNDA:19,isTypeRegistered
FNDA:27,getObjectTypeConfig
DA:2,4
DA:3,4
DA:4,4
DA:6,26
DA:8,4
DA:10,19
DA:11,1
DA:13,18
DA:15,4
DA:17,27
DA:18,27
DA:19,1
DA:21,26
DA:23,4
LF:14
LH:14
BRDA:10,0,0,1
BRDA:10,0,1,18
BRDA:18,1,0,1
BRDA:18,1,1,26
BRF:4
BRH:4
end_of_record
TN:
SF:/Users/adam/dev/prismake/typegql/src/services/error.ts
FN:2,(anonymous_0)
FN:4,(anonymous_1)
FN:5,(anonymous_2)
FN:6,(anonymous_3)
FN:8,__
FN:13,(anonymous_5)
FN:15,BaseError
FNF:7
FNH:5
FNDA:4,(anonymous_0)
FNDA:0,(anonymous_1)
FNDA:0,(anonymous_2)
FNDA:4,(anonymous_3)
FNDA:4,__
FNDA:4,(anonymous_5)
FNDA:5,BaseError
DA:2,4
DA:3,4
DA:4,0
DA:5,0
DA:6,4
DA:7,4
DA:8,4
DA:9,4
DA:12,4
DA:13,4
DA:14,4
DA:16,5
DA:17,5
DA:18,5
DA:20,4
DA:22,4
LF:16
LH:14
BRDA:2,0,0,4
BRDA:2,0,1,4
BRDA:2,0,2,4
BRDA:3,1,0,4
BRDA:3,1,1,0
BRDA:3,1,2,0
BRDA:3,1,3,0
BRDA:5,2,0,0
BRDA:5,2,1,0
BRDA:9,3,0,0
BRDA:9,3,1,4
BRDA:16,4,0,5
BRDA:16,4,1,0
BRF:13
BRH:6
end_of_record
TN:
SF:/Users/adam/dev/prismake/typegql/src/services/utils/cachedThunk.ts
FN:4,createCachedThunk
FN:5,(anonymous_1)
FNF:2
FNH:2
FNDA:24,createCachedThunk
FNDA:20,(anonymous_1)
DA:2,4
DA:3,4
DA:5,24
DA:6,20
DA:7,0
DA:9,20
DA:12,4
LF:7
LH:6
BRDA:6,0,0,0
BRDA:6,0,1,20
BRF:2
BRH:1
end_of_record
TN:
SF:/Users/adam/dev/prismake/typegql/src/services/utils/getParameterNames.ts
FN:6,getParameterNames
FNF:1
FNH:1
FNDA:12,getParameterNames
DA:2,4
DA:3,4
DA:4,4
DA:5,4
DA:7,12
DA:12,12
DA:13,12
DA:15,4
LF:8
LH:8
BRDA:13,0,0,3
BRDA:13,0,1,9
BRF:2
BRH:2
end_of_record
TN:
SF:/Users/adam/dev/prismake/typegql/src/services/utils/index.ts
FNF:0
FNH:0
DA:2,4
DA:3,4
DA:4,4
DA:5,4
DA:6,4
DA:7,4
DA:8,4
DA:9,4
DA:10,4
DA:11,4
DA:12,4
DA:13,4
LF:12
LH:12
BRF:0
BRH:0
end_of_record
TN:
SF:/Users/adam/dev/prismake/typegql/src/services/utils/mapObject.ts
FN:3,mapObject
FN:5,(anonymous_1)
FNF:2
FNH:0
FNDA:0,mapObject
FNDA:0,(anonymous_1)
DA:2,4
DA:4,0
DA:5,0
DA:6,0
DA:7,0
DA:9,0
DA:11,4
LF:7
LH:2
BRF:0
BRH:0
end_of_record
TN:
SF:/Users/adam/dev/prismake/typegql/src/services/utils/gql/index.ts
FNF:0
FNH:0
DA:2,4
DA:3,4
DA:4,4
DA:5,4
DA:6,4
DA:7,4
LF:6
LH:6
BRF:0
BRH:0
end_of_record
TN:
SF:/Users/adam/dev/prismake/typegql/src/services/utils/gql/types/index.ts
FNF:0
FNH:0
DA:2,4
DA:3,4
DA:4,4
DA:5,4
DA:6,4
DA:7,4
DA:8,4
LF:7
LH:7
BRF:0
BRH:0
end_of_record
TN:
SF:/Users/adam/dev/prismake/typegql/src/services/utils/gql/types/parseNative.ts
FN:5,isBasicScalar
FN:9,parseNativeTypeToGraphQL
FN:20,parseTypeToGraphql
FN:30,parseTypeToGraphqlByTarget
FNF:4
FNH:4
FNDA:15,isBasicScalar
FNDA:27,parseNativeTypeToGraphQL
FNDA:27,parseTypeToGraphql
FNDA:19,parseTypeToGraphqlByTarget
DA:2,4
DA:3,4
DA:4,4
DA:6,15
DA:8,4
DA:10,27
DA:11,20
DA:13,7
DA:14,2
DA:16,5
DA:17,3
DA:21,27
DA:22,27
DA:23,25
DA:25,2
DA:26,2
DA:29,4
DA:31,19
DA:32,0
DA:33,0
DA:35,19
DA:36,19
DA:37,8
DA:39,11
DA:40,0
DA:41,0
DA:43,11
DA:44,11
DA:46,4
LF:29
LH:25
BRDA:10,0,0,20
BRDA:10,0,1,7
BRDA:13,1,0,2
BRDA:13,1,1,5
BRDA:16,2,0,3
BRDA:16,2,1,2
BRDA:22,3,0,25
BRDA:22,3,1,2
BRDA:25,4,0,2
BRDA:25,4,1,0
BRDA:25,5,0,2
BRDA:25,5,1,2
BRDA:31,6,0,0
BRDA:31,6,1,19
BRDA:36,7,0,8
BRDA:36,7,1,11
BRDA:39,8,0,0
BRDA:39,8,1,11
BRDA:39,9,0,11
BRDA:39,9,1,0
BRF:20
BRH:16
end_of_record
TN:
SF:/Users/adam/dev/prismake/typegql/src/services/utils/gql/types/resolve.ts
FN:6,resolveType
FNF:1
FNH:1
FNDA:18,resolveType
DA:2,4
DA:3,4
DA:4,4
DA:5,4
DA:7,18
DA:8,18
DA:9,1
DA:11,17
DA:12,2
DA:14,15
DA:15,8
DA:17,7
DA:18,2
DA:20,5
DA:22,4
LF:15
LH:15
BRDA:7,0,0,13
BRDA:7,0,1,5
BRDA:8,1,0,1
BRDA:8,1,1,17
BRDA:11,2,0,2
BRDA:11,2,1,15
BRDA:14,3,0,8
BRDA:14,3,1,7
BRDA:17,4,0,2
BRDA:17,4,1,5
BRF:10
BRH:10
end_of_record
TN:
SF:/Users/adam/dev/prismake/typegql/src/test/setup.ts
FNF:0
FNH:0
DA:2,4
DA:3,4
LF:2
LH:2
BRF:0
BRH:0
end_of_record
